ncsim(64): 08.20-s029: (c) Copyright 1995-2011 Cadence Design Systems, Inc.

-------------------------------------
Relinquished control to SimVision...
ncsim> 
ncsim> stop -create -name sdfgdfg -time 10ns -relative -continue
Created stop sdfgdfg
ncsim> stop -create -name sdfgdfg -time 10ns -relative -continue
ncsim: *E,STCRDP: Stop name sdfgdfg already in use.
ncsim> database -open waves -into waves.shm -default
Created default SHM database waves
ncsim> probe -create -shm halfadd_tb.halfadd_input halfadd_tb.out_sum
Created probe 1
ncsim> run
Input: 00000000, Bitcount:  0
10 NS + 0 (stop sdfgdfg)
Input: 00000001, Bitcount:  1
Input: 00000010, Bitcount:  1
20 NS + 0 (stop sdfgdfg)
Input: 00000011, Bitcount:  2
Input: 00000100, Bitcount:  1
30 NS + 0 (stop sdfgdfg)
Input: 00000101, Bitcount:  2
Input: 00000110, Bitcount:  2
40 NS + 0 (stop sdfgdfg)
Input: 00000111, Bitcount:  3
Input: 00001000, Bitcount:  1
50 NS + 0 (stop sdfgdfg)
Input: 00001001, Bitcount:  2
Input: 00001010, Bitcount:  2
60 NS + 0 (stop sdfgdfg)
Input: 00001011, Bitcount:  3
Input: 00001100, Bitcount:  2
70 NS + 0 (stop sdfgdfg)
Input: 00001101, Bitcount:  3
Input: 00001110, Bitcount:  3
80 NS + 0 (stop sdfgdfg)
Input: 00001111, Bitcount:  4
Input: 00010000, Bitcount:  1
90 NS + 0 (stop sdfgdfg)
Input: 00010001, Bitcount:  2
Input: 00010010, Bitcount:  2
100 NS + 0 (stop sdfgdfg)
Input: 00010011, Bitcount:  3
Input: 00010100, Bitcount:  2
110 NS + 0 (stop sdfgdfg)
Input: 00010101, Bitcount:  3
Input: 00010110, Bitcount:  3
120 NS + 0 (stop sdfgdfg)
Input: 00010111, Bitcount:  4
Input: 00011000, Bitcount:  2
130 NS + 0 (stop sdfgdfg)
Input: 00011001, Bitcount:  3
Input: 00011010, Bitcount:  3
140 NS + 0 (stop sdfgdfg)
Input: 00011011, Bitcount:  4
Input: 00011100, Bitcount:  3
150 NS + 0 (stop sdfgdfg)
Input: 00011101, Bitcount:  4
Input: 00011110, Bitcount:  4
160 NS + 0 (stop sdfgdfg)
Input: 00011111, Bitcount:  5
Input: 00100000, Bitcount:  1
170 NS + 0 (stop sdfgdfg)
Input: 00100001, Bitcount:  2
Input: 00100010, Bitcount:  2
180 NS + 0 (stop sdfgdfg)
Input: 00100011, Bitcount:  3
Input: 00100100, Bitcount:  2
190 NS + 0 (stop sdfgdfg)
Input: 00100101, Bitcount:  3
Input: 00100110, Bitcount:  3
200 NS + 0 (stop sdfgdfg)
Input: 00100111, Bitcount:  4
Input: 00101000, Bitcount:  2
210 NS + 0 (stop sdfgdfg)
Input: 00101001, Bitcount:  3
Input: 00101010, Bitcount:  3
220 NS + 0 (stop sdfgdfg)
Input: 00101011, Bitcount:  4
Input: 00101100, Bitcount:  3
230 NS + 0 (stop sdfgdfg)
Input: 00101101, Bitcount:  4
Input: 00101110, Bitcount:  4
240 NS + 0 (stop sdfgdfg)
Input: 00101111, Bitcount:  5
Input: 00110000, Bitcount:  2
250 NS + 0 (stop sdfgdfg)
Input: 00110001, Bitcount:  3
Input: 00110010, Bitcount:  3
260 NS + 0 (stop sdfgdfg)
Input: 00110011, Bitcount:  4
Input: 00110100, Bitcount:  3
270 NS + 0 (stop sdfgdfg)
Input: 00110101, Bitcount:  4
Input: 00110110, Bitcount:  4
280 NS + 0 (stop sdfgdfg)
Input: 00110111, Bitcount:  5
Input: 00111000, Bitcount:  3
290 NS + 0 (stop sdfgdfg)
Input: 00111001, Bitcount:  4
Input: 00111010, Bitcount:  4
300 NS + 0 (stop sdfgdfg)
Input: 00111011, Bitcount:  5
Input: 00111100, Bitcount:  4
310 NS + 0 (stop sdfgdfg)
Input: 00111101, Bitcount:  5
Input: 00111110, Bitcount:  5
320 NS + 0 (stop sdfgdfg)
Input: 00111111, Bitcount:  6
Input: 01000000, Bitcount:  1
330 NS + 0 (stop sdfgdfg)
Input: 01000001, Bitcount:  2
Input: 01000010, Bitcount:  2
340 NS + 0 (stop sdfgdfg)
Input: 01000011, Bitcount:  3
Input: 01000100, Bitcount:  2
350 NS + 0 (stop sdfgdfg)
Input: 01000101, Bitcount:  3
Input: 01000110, Bitcount:  3
360 NS + 0 (stop sdfgdfg)
Input: 01000111, Bitcount:  4
Input: 01001000, Bitcount:  2
370 NS + 0 (stop sdfgdfg)
Input: 01001001, Bitcount:  3
Input: 01001010, Bitcount:  3
380 NS + 0 (stop sdfgdfg)
Input: 01001011, Bitcount:  4
Input: 01001100, Bitcount:  3
390 NS + 0 (stop sdfgdfg)
Input: 01001101, Bitcount:  4
Input: 01001110, Bitcount:  4
400 NS + 0 (stop sdfgdfg)
Input: 01001111, Bitcount:  5
Input: 01010000, Bitcount:  2
410 NS + 0 (stop sdfgdfg)
Input: 01010001, Bitcount:  3
Input: 01010010, Bitcount:  3
420 NS + 0 (stop sdfgdfg)
Input: 01010011, Bitcount:  4
Input: 01010100, Bitcount:  3
430 NS + 0 (stop sdfgdfg)
Input: 01010101, Bitcount:  4
Input: 01010110, Bitcount:  4
440 NS + 0 (stop sdfgdfg)
Input: 01010111, Bitcount:  5
Input: 01011000, Bitcount:  3
450 NS + 0 (stop sdfgdfg)
Input: 01011001, Bitcount:  4
Input: 01011010, Bitcount:  4
460 NS + 0 (stop sdfgdfg)
Input: 01011011, Bitcount:  5
Input: 01011100, Bitcount:  4
470 NS + 0 (stop sdfgdfg)
Input: 01011101, Bitcount:  5
Input: 01011110, Bitcount:  5
480 NS + 0 (stop sdfgdfg)
Input: 01011111, Bitcount:  6
Input: 01100000, Bitcount:  2
490 NS + 0 (stop sdfgdfg)
Input: 01100001, Bitcount:  3
Input: 01100010, Bitcount:  3
500 NS + 0 (stop sdfgdfg)
Input: 01100011, Bitcount:  4
Input: 01100100, Bitcount:  3
510 NS + 0 (stop sdfgdfg)
Input: 01100101, Bitcount:  4
Input: 01100110, Bitcount:  4
520 NS + 0 (stop sdfgdfg)
Input: 01100111, Bitcount:  5
Input: 01101000, Bitcount:  3
530 NS + 0 (stop sdfgdfg)
Input: 01101001, Bitcount:  4
Input: 01101010, Bitcount:  4
540 NS + 0 (stop sdfgdfg)
Input: 01101011, Bitcount:  5
Input: 01101100, Bitcount:  4
550 NS + 0 (stop sdfgdfg)
Input: 01101101, Bitcount:  5
Input: 01101110, Bitcount:  5
560 NS + 0 (stop sdfgdfg)
Input: 01101111, Bitcount:  6
Input: 01110000, Bitcount:  3
570 NS + 0 (stop sdfgdfg)
Input: 01110001, Bitcount:  4
Input: 01110010, Bitcount:  4
580 NS + 0 (stop sdfgdfg)
Input: 01110011, Bitcount:  5
Input: 01110100, Bitcount:  4
590 NS + 0 (stop sdfgdfg)
Input: 01110101, Bitcount:  5
Input: 01110110, Bitcount:  5
600 NS + 0 (stop sdfgdfg)
Input: 01110111, Bitcount:  6
Input: 01111000, Bitcount:  4
610 NS + 0 (stop sdfgdfg)
Input: 01111001, Bitcount:  5
Input: 01111010, Bitcount:  5
620 NS + 0 (stop sdfgdfg)
Input: 01111011, Bitcount:  6
Input: 01111100, Bitcount:  5
630 NS + 0 (stop sdfgdfg)
Input: 01111101, Bitcount:  6
Input: 01111110, Bitcount:  6
640 NS + 0 (stop sdfgdfg)
Input: 01111111, Bitcount:  7
Input: 10000000, Bitcount:  1
650 NS + 0 (stop sdfgdfg)
Input: 10000001, Bitcount:  2
Input: 10000010, Bitcount:  2
660 NS + 0 (stop sdfgdfg)
Input: 10000011, Bitcount:  3
Input: 10000100, Bitcount:  2
670 NS + 0 (stop sdfgdfg)
Input: 10000101, Bitcount:  3
Input: 10000110, Bitcount:  3
680 NS + 0 (stop sdfgdfg)
Input: 10000111, Bitcount:  4
Input: 10001000, Bitcount:  2
690 NS + 0 (stop sdfgdfg)
Input: 10001001, Bitcount:  3
Input: 10001010, Bitcount:  3
700 NS + 0 (stop sdfgdfg)
Input: 10001011, Bitcount:  4
Input: 10001100, Bitcount:  3
710 NS + 0 (stop sdfgdfg)
Input: 10001101, Bitcount:  4
Input: 10001110, Bitcount:  4
720 NS + 0 (stop sdfgdfg)
Input: 10001111, Bitcount:  5
Input: 10010000, Bitcount:  2
730 NS + 0 (stop sdfgdfg)
Input: 10010001, Bitcount:  3
Input: 10010010, Bitcount:  3
740 NS + 0 (stop sdfgdfg)
Input: 10010011, Bitcount:  4
Input: 10010100, Bitcount:  3
750 NS + 0 (stop sdfgdfg)
Input: 10010101, Bitcount:  4
Input: 10010110, Bitcount:  4
760 NS + 0 (stop sdfgdfg)
Input: 10010111, Bitcount:  5
Input: 10011000, Bitcount:  3
770 NS + 0 (stop sdfgdfg)
Input: 10011001, Bitcount:  4
Input: 10011010, Bitcount:  4
780 NS + 0 (stop sdfgdfg)
Input: 10011011, Bitcount:  5
Input: 10011100, Bitcount:  4
790 NS + 0 (stop sdfgdfg)
Input: 10011101, Bitcount:  5
Input: 10011110, Bitcount:  5
800 NS + 0 (stop sdfgdfg)
Input: 10011111, Bitcount:  6
Input: 10100000, Bitcount:  2
810 NS + 0 (stop sdfgdfg)
Input: 10100001, Bitcount:  3
Input: 10100010, Bitcount:  3
820 NS + 0 (stop sdfgdfg)
Input: 10100011, Bitcount:  4
Input: 10100100, Bitcount:  3
830 NS + 0 (stop sdfgdfg)
Input: 10100101, Bitcount:  4
Input: 10100110, Bitcount:  4
840 NS + 0 (stop sdfgdfg)
Input: 10100111, Bitcount:  5
Input: 10101000, Bitcount:  3
850 NS + 0 (stop sdfgdfg)
Input: 10101001, Bitcount:  4
Input: 10101010, Bitcount:  4
860 NS + 0 (stop sdfgdfg)
Input: 10101011, Bitcount:  5
Input: 10101100, Bitcount:  4
870 NS + 0 (stop sdfgdfg)
Input: 10101101, Bitcount:  5
Input: 10101110, Bitcount:  5
880 NS + 0 (stop sdfgdfg)
Input: 10101111, Bitcount:  6
Input: 10110000, Bitcount:  3
890 NS + 0 (stop sdfgdfg)
Input: 10110001, Bitcount:  4
Input: 10110010, Bitcount:  4
900 NS + 0 (stop sdfgdfg)
Input: 10110011, Bitcount:  5
Input: 10110100, Bitcount:  4
910 NS + 0 (stop sdfgdfg)
Input: 10110101, Bitcount:  5
Input: 10110110, Bitcount:  5
920 NS + 0 (stop sdfgdfg)
Input: 10110111, Bitcount:  6
Input: 10111000, Bitcount:  4
930 NS + 0 (stop sdfgdfg)
Input: 10111001, Bitcount:  5
Input: 10111010, Bitcount:  5
940 NS + 0 (stop sdfgdfg)
Input: 10111011, Bitcount:  6
Input: 10111100, Bitcount:  5
950 NS + 0 (stop sdfgdfg)
Input: 10111101, Bitcount:  6
Input: 10111110, Bitcount:  6
960 NS + 0 (stop sdfgdfg)
Input: 10111111, Bitcount:  7
Input: 11000000, Bitcount:  2
970 NS + 0 (stop sdfgdfg)
Input: 11000001, Bitcount:  3
Input: 11000010, Bitcount:  3
980 NS + 0 (stop sdfgdfg)
Input: 11000011, Bitcount:  4
Input: 11000100, Bitcount:  3
990 NS + 0 (stop sdfgdfg)
Input: 11000101, Bitcount:  4
Input: 11000110, Bitcount:  4
1 US + 0 (stop sdfgdfg)
Input: 11000111, Bitcount:  5
Input: 11001000, Bitcount:  3
1010 NS + 0 (stop sdfgdfg)
Input: 11001001, Bitcount:  4
Input: 11001010, Bitcount:  4
1020 NS + 0 (stop sdfgdfg)
Input: 11001011, Bitcount:  5
Input: 11001100, Bitcount:  4
1030 NS + 0 (stop sdfgdfg)
Input: 11001101, Bitcount:  5
Input: 11001110, Bitcount:  5
1040 NS + 0 (stop sdfgdfg)
Input: 11001111, Bitcount:  6
Input: 11010000, Bitcount:  3
1050 NS + 0 (stop sdfgdfg)
Input: 11010001, Bitcount:  4
Input: 11010010, Bitcount:  4
1060 NS + 0 (stop sdfgdfg)
Input: 11010011, Bitcount:  5
Input: 11010100, Bitcount:  4
1070 NS + 0 (stop sdfgdfg)
Input: 11010101, Bitcount:  5
Input: 11010110, Bitcount:  5
1080 NS + 0 (stop sdfgdfg)
Input: 11010111, Bitcount:  6
Input: 11011000, Bitcount:  4
1090 NS + 0 (stop sdfgdfg)
Input: 11011001, Bitcount:  5
Input: 11011010, Bitcount:  5
1100 NS + 0 (stop sdfgdfg)
Input: 11011011, Bitcount:  6
Input: 11011100, Bitcount:  5
1110 NS + 0 (stop sdfgdfg)
Input: 11011101, Bitcount:  6
Input: 11011110, Bitcount:  6
1120 NS + 0 (stop sdfgdfg)
Input: 11011111, Bitcount:  7
Input: 11100000, Bitcount:  3
1130 NS + 0 (stop sdfgdfg)
Input: 11100001, Bitcount:  4
Input: 11100010, Bitcount:  4
1140 NS + 0 (stop sdfgdfg)
Input: 11100011, Bitcount:  5
Input: 11100100, Bitcount:  4
1150 NS + 0 (stop sdfgdfg)
Input: 11100101, Bitcount:  5
Input: 11100110, Bitcount:  5
1160 NS + 0 (stop sdfgdfg)
Input: 11100111, Bitcount:  6
Input: 11101000, Bitcount:  4
1170 NS + 0 (stop sdfgdfg)
Input: 11101001, Bitcount:  5
Input: 11101010, Bitcount:  5
1180 NS + 0 (stop sdfgdfg)
Input: 11101011, Bitcount:  6
Input: 11101100, Bitcount:  5
1190 NS + 0 (stop sdfgdfg)
Input: 11101101, Bitcount:  6
Input: 11101110, Bitcount:  6
1200 NS + 0 (stop sdfgdfg)
Input: 11101111, Bitcount:  7
Input: 11110000, Bitcount:  4
1210 NS + 0 (stop sdfgdfg)
Input: 11110001, Bitcount:  5
Input: 11110010, Bitcount:  5
1220 NS + 0 (stop sdfgdfg)
Input: 11110011, Bitcount:  6
Input: 11110100, Bitcount:  5
1230 NS + 0 (stop sdfgdfg)
Input: 11110101, Bitcount:  6
Input: 11110110, Bitcount:  6
1240 NS + 0 (stop sdfgdfg)
Input: 11110111, Bitcount:  7
Input: 11111000, Bitcount:  5
1250 NS + 0 (stop sdfgdfg)
Input: 11111001, Bitcount:  6
Input: 11111010, Bitcount:  6
1260 NS + 0 (stop sdfgdfg)
Input: 11111011, Bitcount:  7
Input: 11111100, Bitcount:  6
1270 NS + 0 (stop sdfgdfg)
Input: 11111101, Bitcount:  7
Input: 11111110, Bitcount:  7
1280 NS + 0 (stop sdfgdfg)
Input: 11111111, Bitcount:  8
Input: 00000000, Bitcount:  0
ncsim: *W,RNQUIE: Simulation is complete.
ncsim> ^C
ncsim> exit
